[debug] [2021-07-05T01:07:29.873Z] ----------------------------------------------------------------------
[debug] [2021-07-05T01:07:29.888Z] Command:       C:\Program Files\nodejs\node.exe C:\Users\YAN\AppData\Roaming\npm\node_modules\firebase-tools\lib\bin\firebase.js init
[debug] [2021-07-05T01:07:29.888Z] CLI Version:   9.14.0
[debug] [2021-07-05T01:07:29.888Z] Platform:      win32
[debug] [2021-07-05T01:07:29.888Z] Node Version:  v13.14.0
[debug] [2021-07-05T01:07:29.904Z] Time:          Sun Jul 04 2021 22:07:29 GMT-0300 (Horário Padrão de Brasília)
[debug] [2021-07-05T01:07:29.904Z] ----------------------------------------------------------------------
[debug] 
[debug] [2021-07-05T01:07:29.951Z] > command requires scopes: ["email","openid","https://www.googleapis.com/auth/cloudplatformprojects.readonly","https://www.googleapis.com/auth/firebase","https://www.googleapis.com/auth/cloud-platform"]
[debug] [2021-07-05T01:07:29.951Z] > authorizing via signed-in user (ysds@aluno.ifnmg.edu.br)
[info] 
     ######## #### ########  ######## ########     ###     ######  ########
     ##        ##  ##     ## ##       ##     ##  ##   ##  ##       ##
     ######    ##  ########  ######   ########  #########  ######  ######
     ##        ##  ##    ##  ##       ##     ## ##     ##       ## ##
     ##       #### ##     ## ######## ########  ##     ##  ######  ########

You're about to initialize a Firebase project in this directory:

  C:\Users\YAN\Desktop\letmeask-yan11

Before we get started, keep in mind:

  * You are initializing within an existing Firebase project directory

[info] 
=== Project Setup
[info] 
[info] First, let's associate this project directory with a Firebase project.
[info] You can create multiple project aliases by running firebase use --add, 
[info] but for now we'll just set up a default project.
[info] 
[info] i  .firebaserc already has a default project, using letmeask-yan11. 
[debug] [2021-07-05T01:07:42.747Z] > refreshing access token with scopes: []
[debug] [2021-07-05T01:07:42.747Z] >>> HTTP REQUEST POST https://www.googleapis.com/oauth2/v3/token  
 <request body omitted>
[debug] [2021-07-05T01:07:43.231Z] <<< HTTP RESPONSE 200 {"expires":"Mon, 01 Jan 1990 00:00:00 GMT","date":"Mon, 05 Jul 2021 01:07:43 GMT","cache-control":"no-cache, no-store, max-age=0, must-revalidate","pragma":"no-cache","content-type":"application/json; charset=utf-8","vary":"X-Origin, Referer, Origin,Accept-Encoding","server":"scaffolding on HTTPServer2","x-xss-protection":"0","x-frame-options":"SAMEORIGIN","x-content-type-options":"nosniff","alt-svc":"h3=\":443\"; ma=2592000,h3-29=\":443\"; ma=2592000,h3-T051=\":443\"; ma=2592000,h3-Q050=\":443\"; ma=2592000,h3-Q046=\":443\"; ma=2592000,h3-Q043=\":443\"; ma=2592000,quic=\":443\"; ma=2592000; v=\"46,43\"","accept-ranges":"none","transfer-encoding":"chunked"}
[debug] [2021-07-05T01:07:43.340Z] >>> [apiv2][query] GET https://firebase.googleapis.com/v1beta1/projects/letmeask-yan11 [none]
[debug] [2021-07-05T01:07:44.479Z] <<< [apiv2][status] GET https://firebase.googleapis.com/v1beta1/projects/letmeask-yan11 200
[debug] [2021-07-05T01:07:44.479Z] <<< [apiv2][body] GET https://firebase.googleapis.com/v1beta1/projects/letmeask-yan11 {"projectId":"letmeask-yan11","projectNumber":"551936436936","displayName":"letmeask-yan11","name":"projects/letmeask-yan11","resources":{"hostingSite":"letmeask-yan11"},"state":"ACTIVE"}
[info] 
=== Hosting Setup
[info] 
[info] Your public directory is the folder (relative to your project directory) that
[info] will contain Hosting assets to be uploaded with firebase deploy. If you
[info] have a build process for your assets, use your build's output directory.
[info] 
[debug] [2021-07-05T01:08:06.897Z] >>> [apiv2][query] GET https://www.gstatic.com/firebasejs/releases.json [none]
[debug] [2021-07-05T01:08:07.053Z] <<< [apiv2][status] GET https://www.gstatic.com/firebasejs/releases.json 200
[debug] [2021-07-05T01:08:07.053Z] <<< [apiv2][body] GET https://www.gstatic.com/firebasejs/releases.json {"current":{"version":"8.7.0","browserURL":"https://www.gstatic.com/firebasejs/8.7.0/firebase.js","packageURL":"https://www.gstatic.com/firebasejs/8.7.0/firebase.tgz"},"live":{"version":"8.7","browserURL":"https://www.gstatic.com/firebasejs/live/8.7/firebase.js","packageURL":"https://www.gstatic.com/firebasejs/live/8.7/firebase.tgz"},"components":{"analytics":"https://www.gstatic.com/firebasejs/8.7.0/firebase-analytics.js","app":"https://www.gstatic.com/firebasejs/8.7.0/firebase-app.js","app-check":"https://www.gstatic.com/firebasejs/8.7.0/firebase-app-check.js","auth":"https://www.gstatic.com/firebasejs/8.7.0/firebase-auth.js","database":"https://www.gstatic.com/firebasejs/8.7.0/firebase-database.js","firestore":"https://www.gstatic.com/firebasejs/8.7.0/firebase-firestore.js","functions":"https://www.gstatic.com/firebasejs/8.7.0/firebase-functions.js","installations":"https://www.gstatic.com/firebasejs/8.7.0/firebase-installations.js","messaging":"https://www.gstatic.com/firebasejs/8.7.0/firebase-messaging.js","storage":"https://www.gstatic.com/firebasejs/8.7.0/firebase-storage.js","performance":"https://www.gstatic.com/firebasejs/8.7.0/firebase-performance.js","remote-config":"https://www.gstatic.com/firebasejs/8.7.0/firebase-remote-config.js","firestore.memory":"https://www.gstatic.com/firebasejs/8.7.0/firebase-firestore.memory.js"}}
[info] i  Skipping write of public/index.html 
[info] 
[info] i  Didn't detect a .git folder. Assuming C:\Users\YAN\Desktop\letmeask-yan11 is the project root. 
[info] i  Authorizing with GitHub to upload your service account to a GitHub repository's secrets store. 
[info] 
[info] Visit this URL on this device to log in:
[info] https://github.com/login/oauth/authorize?client_id=89cf50f02ac6aaed3484&state=1051704971&redirect_uri=http%3A%2F%2Flocalhost%3A9005&scope=read%3Auser%20repo%20public_repo
[info] 
[info] Waiting for authentication...
[debug] [2021-07-05T01:08:11.045Z] >>> HTTP REQUEST POST https://github.com/login/oauth/access_token  
 {"client_id":"89cf50f02ac6aaed3484","client_secret":"3330d14abc895d9a74d5f17cd7a00711fa2c5bf0","code":"300a85a7d585a95ef575","redirect_uri":"http://localhost:9005","state":"1051704971"}
[debug] [2021-07-05T01:08:11.867Z] <<< HTTP RESPONSE 200 {"server":"GitHub.com","date":"Mon, 05 Jul 2021 01:08:11 GMT","content-type":"application/json; charset=utf-8","transfer-encoding":"chunked","vary":"X-PJAX, Accept-Encoding, Accept, X-Requested-With","permissions-policy":"interest-cohort=()","etag":"W/\"e27961fb7731c9de446ac7623813e9b7\"","cache-control":"max-age=0, private, must-revalidate","strict-transport-security":"max-age=31536000; includeSubdomains; preload","x-frame-options":"deny","x-content-type-options":"nosniff","x-xss-protection":"0","referrer-policy":"origin-when-cross-origin, strict-origin-when-cross-origin","expect-ct":"max-age=2592000, report-uri=\"https://api.github.com/_private/browser/errors\"","content-security-policy":"default-src 'none'; base-uri 'self'; block-all-mixed-content; connect-src 'self' uploads.github.com www.githubstatus.com collector.githubapp.com api.github.com github-cloud.s3.amazonaws.com github-production-repository-file-5c1aeb.s3.amazonaws.com github-production-upload-manifest-file-7fdce7.s3.amazonaws.com github-production-user-asset-6210df.s3.amazonaws.com cdn.optimizely.com logx.optimizely.com/v1/events translator.github.com wss://alive.github.com; font-src github.githubassets.com; form-action 'self' github.com gist.github.com; frame-ancestors 'none'; frame-src render.githubusercontent.com render-temp.githubusercontent.com viewscreen.githubusercontent.com; img-src 'self' data: github.githubassets.com identicons.github.com collector.githubapp.com github-cloud.s3.amazonaws.com secured-user-images.githubusercontent.com/ *.githubusercontent.com; manifest-src 'self'; media-src 'none'; script-src github.githubassets.com; style-src 'unsafe-inline' github.githubassets.com; worker-src github.com/socket-worker-3f088aa2.js gist.github.com/socket-worker-3f088aa2.js","x-github-request-id":"DFB6:7573:248B4D4:3255035:60E25B7B"}
[debug] [2021-07-05T01:08:11.931Z] >>> [apiv2][query] GET https://api.github.com/user [none]
[debug] [2021-07-05T01:08:12.590Z] <<< [apiv2][status] GET https://api.github.com/user 200
[debug] [2021-07-05T01:08:12.592Z] <<< [apiv2][body] GET https://api.github.com/user {"login":"YanSilveira11","id":51417896,"node_id":"MDQ6VXNlcjUxNDE3ODk2","avatar_url":"https://avatars.githubusercontent.com/u/51417896?v=4","gravatar_id":"","url":"https://api.github.com/users/YanSilveira11","html_url":"https://github.com/YanSilveira11","followers_url":"https://api.github.com/users/YanSilveira11/followers","following_url":"https://api.github.com/users/YanSilveira11/following{/other_user}","gists_url":"https://api.github.com/users/YanSilveira11/gists{/gist_id}","starred_url":"https://api.github.com/users/YanSilveira11/starred{/owner}{/repo}","subscriptions_url":"https://api.github.com/users/YanSilveira11/subscriptions","organizations_url":"https://api.github.com/users/YanSilveira11/orgs","repos_url":"https://api.github.com/users/YanSilveira11/repos","events_url":"https://api.github.com/users/YanSilveira11/events{/privacy}","received_events_url":"https://api.github.com/users/YanSilveira11/received_events","type":"User","site_admin":false,"name":null,"company":null,"blog":"","location":null,"email":null,"hireable":null,"bio":null,"twitter_username":null,"public_repos":9,"public_gists":0,"followers":0,"following":2,"created_at":"2019-06-05T17:49:27Z","updated_at":"2021-07-05T01:05:57Z","private_gists":0,"total_private_repos":0,"owned_private_repos":0,"disk_usage":9445,"collaborators":0,"two_factor_authentication":false,"plan":{"name":"free","space":976562499,"collaborators":0,"private_repos":10000}}
[info] 
[info] +  Success! Logged into GitHub as YanSilveira11 
[info] 
[debug] [2021-07-05T01:08:38.212Z] >>> [apiv2][query] GET https://api.github.com/repos/YanSilvera11/letmeask-yan11/actions/secrets/public-key type=owner
[debug] [2021-07-05T01:08:38.734Z] <<< [apiv2][status] GET https://api.github.com/repos/YanSilvera11/letmeask-yan11/actions/secrets/public-key 401
[debug] [2021-07-05T01:08:38.735Z] <<< [apiv2][body] GET https://api.github.com/repos/YanSilvera11/letmeask-yan11/actions/secrets/public-key {"message":"Bad credentials","documentation_url":"https://docs.github.com/rest"}
[debug] [2021-07-05T01:08:53.472Z] >>> [apiv2][query] GET https://api.github.com/repos/YanSilveira11/letmeask-yan11/actions/secrets/public-key type=owner
[debug] [2021-07-05T01:08:54.024Z] <<< [apiv2][status] GET https://api.github.com/repos/YanSilveira11/letmeask-yan11/actions/secrets/public-key 401
[debug] [2021-07-05T01:08:54.025Z] <<< [apiv2][body] GET https://api.github.com/repos/YanSilveira11/letmeask-yan11/actions/secrets/public-key {"message":"Bad credentials","documentation_url":"https://docs.github.com/rest"}
[debug] [2021-07-05T01:09:15.571Z] >>> [apiv2][query] GET https://api.github.com/repos/YanSilveira11/letmeask-yan11/actions/secrets/public-key type=owner
[debug] [2021-07-05T01:09:16.173Z] <<< [apiv2][status] GET https://api.github.com/repos/YanSilveira11/letmeask-yan11/actions/secrets/public-key 401
[debug] [2021-07-05T01:09:16.174Z] <<< [apiv2][body] GET https://api.github.com/repos/YanSilveira11/letmeask-yan11/actions/secrets/public-key {"message":"Bad credentials","documentation_url":"https://docs.github.com/rest"}
[debug] [2021-07-05T01:09:34.486Z] >>> [apiv2][query] GET https://api.github.com/repos/exit/actions/secrets/public-key type=owner
[debug] [2021-07-05T01:09:34.986Z] <<< [apiv2][status] GET https://api.github.com/repos/exit/actions/secrets/public-key 401
[debug] [2021-07-05T01:09:34.986Z] <<< [apiv2][body] GET https://api.github.com/repos/exit/actions/secrets/public-key {"message":"Bad credentials","documentation_url":"https://docs.github.com/rest"}
[debug] [2021-07-05T01:09:36.904Z] >>> [apiv2][query] GET https://api.github.com/repos//actions/secrets/public-key type=owner
[debug] [2021-07-05T01:09:37.466Z] <<< [apiv2][status] GET https://api.github.com/repos//actions/secrets/public-key 401
[debug] [2021-07-05T01:09:37.466Z] <<< [apiv2][body] GET https://api.github.com/repos//actions/secrets/public-key {"message":"Bad credentials","documentation_url":"https://docs.github.com/rest"}
[debug] [2021-07-05T01:09:38.137Z] >>> [apiv2][query] GET https://api.github.com/repos//actions/secrets/public-key type=owner
[debug] [2021-07-05T01:09:38.621Z] <<< [apiv2][status] GET https://api.github.com/repos//actions/secrets/public-key 401
[debug] [2021-07-05T01:09:38.621Z] <<< [apiv2][body] GET https://api.github.com/repos//actions/secrets/public-key {"message":"Bad credentials","documentation_url":"https://docs.github.com/rest"}
[debug] [2021-07-05T01:09:38.887Z] >>> [apiv2][query] GET https://api.github.com/repos//actions/secrets/public-key type=owner
[debug] [2021-07-05T01:09:39.089Z] >>> [apiv2][query] GET https://api.github.com/repos//actions/secrets/public-key type=owner
[debug] [2021-07-05T01:09:39.277Z] >>> [apiv2][query] GET https://api.github.com/repos//actions/secrets/public-key type=owner
[debug] [2021-07-05T01:09:39.448Z] <<< [apiv2][status] GET https://api.github.com/repos//actions/secrets/public-key 401
[debug] [2021-07-05T01:09:39.448Z] <<< [apiv2][body] GET https://api.github.com/repos//actions/secrets/public-key {"message":"Bad credentials","documentation_url":"https://docs.github.com/rest"}
[debug] [2021-07-05T01:09:39.464Z] >>> [apiv2][query] GET https://api.github.com/repos//actions/secrets/public-key type=owner
[debug] [2021-07-05T01:09:39.604Z] <<< [apiv2][status] GET https://api.github.com/repos//actions/secrets/public-key 401
[debug] [2021-07-05T01:09:39.604Z] <<< [apiv2][body] GET https://api.github.com/repos//actions/secrets/public-key {"message":"Bad credentials","documentation_url":"https://docs.github.com/rest"}
[debug] [2021-07-05T01:09:39.760Z] <<< [apiv2][status] GET https://api.github.com/repos//actions/secrets/public-key 401
[debug] [2021-07-05T01:09:39.760Z] <<< [apiv2][body] GET https://api.github.com/repos//actions/secrets/public-key {"message":"Bad credentials","documentation_url":"https://docs.github.com/rest"}
[debug] [2021-07-05T01:09:39.963Z] <<< [apiv2][status] GET https://api.github.com/repos//actions/secrets/public-key 401
[debug] [2021-07-05T01:09:39.963Z] <<< [apiv2][body] GET https://api.github.com/repos//actions/secrets/public-key {"message":"Bad credentials","documentation_url":"https://docs.github.com/rest"}
